2025-07-04 15:15:50,271 - utils.license_checker - INFO - Licença válida para ColegioObjetivo - 58 dias restantes
2025-07-04 15:15:50,348 - config.settings - INFO - Configurações carregadas de: C:\Users\yudim\OneDrive\Documentos\projetos-hatcorp\emite-nota\dist\.env
2025-07-04 15:16:17,393 - webiss_automation - INFO - Configurando driver com URL: https://palmasto.webiss.com.br
2025-07-04 15:16:17,394 - WDM - INFO - ====== WebDriver manager ======
2025-07-04 15:16:18,284 - WDM - INFO - Get LATEST chromedriver version for google-chrome
2025-07-04 15:16:18,865 - WDM - INFO - Get LATEST chromedriver version for google-chrome
2025-07-04 15:16:19,511 - WDM - INFO - Driver [C:\Users\yudim\.wdm\drivers\chromedriver\win64\137.0.7151.119\chromedriver-win32/THIRD_PARTY_NOTICES.chromedriver] found in cache
2025-07-04 15:16:19,513 - webiss_automation - WARNING - Erro com ChromeDriverManager: [WinError 193] %1 não é um aplicativo Win32 válido
2025-07-04 15:16:21,037 - webiss_automation - INFO - Driver do Chrome configurado com sucesso
2025-07-04 15:16:21,037 - webiss_automation - INFO - Navegando para: https://palmasto.webiss.com.br
2025-07-04 15:16:26,512 - webiss_automation - INFO - URL atual: https://palmasto.webiss.com.br/
2025-07-04 15:16:26,517 - webiss_automation - INFO - Título da página: Autenticação | WebISS®
2025-07-04 15:16:26,526 - webiss_automation - INFO - Campo de usuário encontrado: xpath=//input[@type='text']
2025-07-04 15:16:26,533 - webiss_automation - INFO - Usuário preenchido via JavaScript
2025-07-04 15:16:26,542 - webiss_automation - INFO - Campo de senha encontrado: xpath=//input[@type='password']
2025-07-04 15:16:26,549 - webiss_automation - INFO - Senha preenchida via JavaScript
2025-07-04 15:16:26,557 - webiss_automation - INFO - Botão de login encontrado: xpath=//button[@type='submit']
2025-07-04 15:16:28,241 - webiss_automation - INFO - Botão de login clicado via JavaScript
2025-07-04 15:16:28,747 - webiss_automation - INFO - URL após login: https://palmasto.webiss.com.br/inicio
2025-07-04 15:16:28,752 - webiss_automation - INFO - Título após login: Início | WebISS®
2025-07-04 15:16:28,770 - webiss_automation - INFO - Login realizado com sucesso
2025-07-04 15:16:30,878 - webiss_automation - INFO - Menu ISSQN clicado
2025-07-04 15:16:31,932 - webiss_automation - INFO - Menu NFS-e clicado
2025-07-04 15:16:35,485 - webiss_automation - INFO - Menu Criar clicado - pronto para preencher a nota
2025-07-04 15:16:35,513 - webiss_automation - INFO - Botão Próximo encontrado: //a[@id='btnProximo']
2025-07-04 15:16:36,564 - webiss_automation - INFO - Botão Próximo clicado - avançando para Tomador
2025-07-04 15:16:36,589 - webiss_automation - INFO - === PREENCHENDO FORMULÁRIO TOMADOR ===
2025-07-04 15:16:36,589 - webiss_automation - INFO - Dados recebidos: {'cpf_cnpj': '96159480120', 'nome_cliente': 'PEDRO RODRIGUES RIBEIRO', 'endereco': '402 SUL, RUA NS B, CONJUNTO 02 LT 07/08, , PALMAS/ - 77021624', 'valor': 1155.81, 'vencimento': '10/07/2025', 'descricao': 'MENSALIDADE: 701619 - ANNA CLARA RODRIGUES DA SILVA - TURMA: G1MA', 'turma': 'G1MA', 'cep': '77021-624'}
2025-07-04 15:16:36,785 - webiss_automation - INFO - ✅ Campo cpf_cnpj preenchido: 96159480120 (usando: //input[@placeholder='Número do documento do tomador'])
2025-07-04 15:16:37,000 - webiss_automation - INFO - ✅ Campo nome_cliente preenchido: PEDRO RODRIGUES RIBEIRO (usando: //input[@placeholder='Razão social do tomador'])
2025-07-04 15:16:37,000 - webiss_automation - INFO - CEP recebido nos dados: '77021-624'
2025-07-04 15:16:37,001 - webiss_automation - INFO - ✅ CEP já disponível nos dados: 77021-624
2025-07-04 15:16:37,001 - webiss_automation - INFO - 🔍 Verificando campo Inscrição Municipal...
2025-07-04 15:16:37,020 - webiss_automation - INFO - 🔄 Campo Inscrição Municipal é um select normal - tentando selecionar opção correta...
2025-07-04 15:16:37,020 - webiss_automation - INFO - 🎯 Tentando encontrar inscrição municipal para CEP: 77021-624
2025-07-04 15:16:39,033 - webiss_automation - WARNING - ⚠️ Select está desabilitado, tentando habilitar...
2025-07-04 15:16:40,051 - webiss_automation - INFO - 📋 Encontradas 1 opções de inscrição municipal
2025-07-04 15:16:40,066 - webiss_automation - INFO -   Opção 0: valor='-1', texto=''
2025-07-04 15:16:40,066 - webiss_automation - WARNING - ⚠️ Nenhuma opção válida encontrada no select
2025-07-04 15:16:40,066 - webiss_automation - INFO - 🔄 Aguardando carregamento das opções...
2025-07-04 15:16:43,075 - webiss_automation - INFO - 📋 Após aguardar: 1 opções encontradas
2025-07-04 15:16:43,075 - webiss_automation - WARNING - ⚠️ Ainda não há opções válidas, tentando forçar carregamento...
2025-07-04 15:16:45,089 - webiss_automation - INFO - 📋 Após clicar: 1 opções encontradas
2025-07-04 15:16:45,089 - webiss_automation - ERROR - ❌ Não foi possível carregar opções do select
2025-07-04 15:16:45,089 - webiss_automation - WARNING - ⚠️ Não foi possível encontrar inscrição municipal pelo CEP
2025-07-04 15:16:45,090 - webiss_automation - INFO - ℹ️ Pulando aguardo do município para otimização
2025-07-04 15:16:45,090 - webiss_automation - INFO - ✅ Formulário do tomador preenchido com sucesso!
2025-07-04 15:16:45,093 - webiss_automation - INFO - === TENTANDO CLICAR EM PRÓXIMO ===
2025-07-04 15:16:45,594 - webiss_automation - INFO - Tentando XPath: //a[@id='btnProximo']
2025-07-04 15:16:45,627 - webiss_automation - INFO - ✅ Botão Próximo encontrado: //a[@id='btnProximo']
2025-07-04 15:16:46,628 - webiss_automation - INFO - Aguardando botão Próximo (sem scroll)
2025-07-04 15:16:46,644 - webiss_automation - INFO - Clicando no botão Próximo via JavaScript...
2025-07-04 15:16:46,900 - webiss_automation - INFO - ✅ Botão Próximo clicado via JavaScript!
2025-07-04 15:16:47,912 - webiss_automation - INFO - ℹ️ Nenhum modal de confirmação detectado
2025-07-04 15:16:47,917 - webiss_automation - INFO - URL após clique: https://palmasto.webiss.com.br/issqn/nfse/criar
2025-07-04 15:16:47,917 - webiss_automation - INFO - Título após clique: Criar nota fiscal eletrônica - CENTRO EDUCACIONAL JCC LTDA (33.633.805/0001-21) [IMU: 2414139] | WebISS®
2025-07-04 15:16:48,004 - webiss_automation - INFO - Screenshot salvo: C:\Users\yudim\OneDrive\Documentos\projetos-hatcorp\emite-nota\dist\logs\apos_proximo_click.png
2025-07-04 15:16:48,005 - webiss_automation - INFO - Screenshot após clique salvo: apos_proximo_click.png
2025-07-04 15:16:49,009 - webiss_automation - INFO - === PREENCHENDO STEP 3 - SERVIÇOS (SEM SCROLL) ===
2025-07-04 15:16:49,009 - webiss_automation - INFO - Dados recebidos: {'cpf_cnpj': '96159480120', 'nome_cliente': 'PEDRO RODRIGUES RIBEIRO', 'endereco': '402 SUL, RUA NS B, CONJUNTO 02 LT 07/08, , PALMAS/ - 77021624', 'valor': 1155.81, 'vencimento': '10/07/2025', 'descricao': 'MENSALIDADE: 701619 - ANNA CLARA RODRIGUES DA SILVA - TURMA: G1MA', 'turma': 'G1MA', 'cep': '77021-624'}
2025-07-04 15:16:49,015 - webiss_automation - INFO - ✅ Ano preenchido via JavaScript: 2025
2025-07-04 15:16:49,024 - webiss_automation - INFO - ✅ Mês selecionado via JavaScript: 7
2025-07-04 15:16:49,257 - webiss_automation - INFO - ✅ Tipo de atividade selecionado via JavaScript
2025-07-04 15:16:49,264 - webiss_automation - INFO - ✅ CNAE selecionado via JavaScript (índice 2)
2025-07-04 15:16:49,268 - webiss_automation - INFO - ✅ Valor do serviço preenchido via JavaScript: 1155.81
2025-07-04 15:16:50,275 - webiss_automation - INFO - ✅ Descrição preenchida via JavaScript
2025-07-04 15:16:50,360 - webiss_automation - INFO - Screenshot salvo: C:\Users\yudim\OneDrive\Documentos\projetos-hatcorp\emite-nota\dist\logs\step3_sem_scroll.png
2025-07-04 15:16:50,360 - webiss_automation - INFO - Screenshot final da Step 3 (sem scroll) salvo: step3_sem_scroll.png
2025-07-04 15:16:50,360 - webiss_automation - INFO - ✅ [SERVIÇOS] Etapa de serviços preenchida com sucesso (sem scroll)!
2025-07-04 15:16:51,364 - webiss_automation - INFO - === TENTANDO CLICAR EM PRÓXIMO ===
2025-07-04 15:16:51,865 - webiss_automation - INFO - Tentando XPath: //a[@id='btnProximo']
2025-07-04 15:16:51,884 - webiss_automation - INFO - ✅ Botão Próximo encontrado: //a[@id='btnProximo']
2025-07-04 15:16:52,885 - webiss_automation - INFO - Aguardando botão Próximo (sem scroll)
2025-07-04 15:16:52,898 - webiss_automation - INFO - Clicando no botão Próximo via JavaScript...
2025-07-04 15:16:54,174 - webiss_automation - INFO - ✅ Botão Próximo clicado via JavaScript!
2025-07-04 15:16:55,180 - webiss_automation - INFO - ℹ️ Nenhum modal de confirmação detectado
2025-07-04 15:16:55,185 - webiss_automation - INFO - URL após clique: https://palmasto.webiss.com.br/issqn/nfse/criar
2025-07-04 15:16:55,185 - webiss_automation - INFO - Título após clique: Criar nota fiscal eletrônica - CENTRO EDUCACIONAL JCC LTDA (33.633.805/0001-21) [IMU: 2414139] | WebISS®
2025-07-04 15:16:55,272 - webiss_automation - INFO - Screenshot salvo: C:\Users\yudim\OneDrive\Documentos\projetos-hatcorp\emite-nota\dist\logs\apos_proximo_click.png
2025-07-04 15:16:55,272 - webiss_automation - INFO - Screenshot após clique salvo: apos_proximo_click.png
2025-07-04 15:16:56,784 - webiss_automation - INFO - Aba 'Valores' ativada via JS.
2025-07-04 15:16:56,798 - webiss_automation - INFO - Campo de valor do serviço presente no DOM.
2025-07-04 15:16:56,819 - webiss_automation - INFO - Tentando preencher valor do serviço via JS: 1155.81
2025-07-04 15:16:57,330 - webiss_automation - INFO - Valor no campo após envio: 1155.81
2025-07-04 15:16:57,330 - webiss_automation - INFO - Automação parada após preencher valor do serviço no Step 4.
2025-07-04 15:16:57,358 - webiss_automation - INFO - Botão Salvar rascunho encontrado: //a[contains(@class, 'salvar-rascunho')]
2025-07-04 15:16:59,979 - webiss_automation - INFO - Botão Salvar rascunho clicado
2025-07-04 15:17:03,007 - webiss_automation - INFO - Botão Emitir encontrado via CSS selector
2025-07-04 15:17:03,022 - webiss_automation - INFO - Aguardando botão sair do estado de loading...
2025-07-04 15:17:06,082 - webiss_automation - INFO - Botão Emitir clicado via JavaScript
2025-07-04 15:17:09,090 - webiss_automation - INFO - ✅ Nota fiscal emitida com sucesso!
