2025-07-04 14:32:58,634 - utils.license_checker - INFO - Licença válida para ColegioObjetivo - 58 dias restantes
2025-07-04 14:32:58,716 - config.settings - INFO - Configurações carregadas de: C:\Users\yudim\OneDrive\Documentos\projetos-hatcorp\emite-nota\dist\.env
2025-07-04 14:33:15,012 - webiss_automation - INFO - Configurando driver com URL: https://palmasto.webiss.com.br
2025-07-04 14:33:15,012 - WDM - INFO - ====== WebDriver manager ======
2025-07-04 14:33:15,916 - WDM - INFO - Get LATEST chromedriver version for google-chrome
2025-07-04 14:33:16,403 - WDM - INFO - Get LATEST chromedriver version for google-chrome
2025-07-04 14:33:16,874 - WDM - INFO - Driver [C:\Users\yudim\.wdm\drivers\chromedriver\win64\137.0.7151.119\chromedriver-win32/THIRD_PARTY_NOTICES.chromedriver] found in cache
2025-07-04 14:33:16,875 - webiss_automation - WARNING - Erro com ChromeDriverManager: [WinError 193] %1 não é um aplicativo Win32 válido
2025-07-04 14:33:18,643 - webiss_automation - INFO - Driver do Chrome configurado com sucesso
2025-07-04 14:33:18,643 - webiss_automation - INFO - Navegando para: https://palmasto.webiss.com.br
2025-07-04 14:33:22,793 - webiss_automation - INFO - URL atual: https://palmasto.webiss.com.br/
2025-07-04 14:33:22,799 - webiss_automation - INFO - Título da página: Autenticação | WebISS®
2025-07-04 14:33:22,808 - webiss_automation - INFO - Campo de usuário encontrado: xpath=//input[@type='text']
2025-07-04 14:33:22,819 - webiss_automation - INFO - Usuário preenchido via JavaScript
2025-07-04 14:33:22,836 - webiss_automation - INFO - Campo de senha encontrado: xpath=//input[@type='password']
2025-07-04 14:33:22,844 - webiss_automation - INFO - Senha preenchida via JavaScript
2025-07-04 14:33:22,851 - webiss_automation - INFO - Botão de login encontrado: xpath=//button[@type='submit']
2025-07-04 14:33:24,961 - webiss_automation - INFO - Botão de login clicado via JavaScript
2025-07-04 14:33:25,478 - webiss_automation - INFO - URL após login: https://palmasto.webiss.com.br/inicio
2025-07-04 14:33:25,483 - webiss_automation - INFO - Título após login: Início | WebISS®
2025-07-04 14:33:25,500 - webiss_automation - INFO - Login realizado com sucesso
2025-07-04 14:33:28,138 - webiss_automation - INFO - Menu ISSQN clicado
2025-07-04 14:33:29,196 - webiss_automation - INFO - Menu NFS-e clicado
2025-07-04 14:33:32,760 - webiss_automation - INFO - Menu Criar clicado - pronto para preencher a nota
2025-07-04 14:33:32,783 - webiss_automation - INFO - Botão Próximo encontrado: //a[@id='btnProximo']
2025-07-04 14:33:33,830 - webiss_automation - INFO - Botão Próximo clicado - avançando para Tomador
2025-07-04 14:33:33,846 - webiss_automation - INFO - === PREENCHENDO FORMULÁRIO TOMADOR ===
2025-07-04 14:33:33,847 - webiss_automation - INFO - Dados recebidos: {'cpf_cnpj': '56549156149', 'nome_cliente': 'LUCIANA OLIVEIRA XAVIER', 'endereco': 'SUL ALAMEDA 09 LOTE 3 - PLANO DIRETOR SUL, PALMAS / TO - 77016640', 'valor': 1155.81, 'vencimento': '10/07/2025', 'descricao': 'MENSALIDADE: 701171 - ANANDA OLIVEIRA SOARES - TURMA: G1MA', 'turma': 'G1MA', 'cep': '77016-640'}
2025-07-04 14:33:34,078 - webiss_automation - INFO - ✅ Campo cpf_cnpj preenchido: 56549156149 (usando: //input[@placeholder='Número do documento do tomador'])
2025-07-04 14:33:34,296 - webiss_automation - INFO - ✅ Campo nome_cliente preenchido: LUCIANA OLIVEIRA XAVIER (usando: //input[@placeholder='Razão social do tomador'])
2025-07-04 14:33:34,297 - webiss_automation - INFO - CEP recebido nos dados: '77016-640'
2025-07-04 14:33:34,297 - webiss_automation - INFO - ✅ CEP já disponível nos dados: 77016-640
2025-07-04 14:33:34,297 - webiss_automation - INFO - Tentando preencher CEP: '77016-640'
2025-07-04 14:33:34,333 - webiss_automation - WARNING - ❌ Campo cep não encontrado em nenhum XPath
2025-07-04 14:33:34,333 - webiss_automation - ERROR - ❌ Falha ao preencher CEP: 77016-640
2025-07-04 14:33:34,333 - webiss_automation - INFO - ℹ️ Pulando aguardo do município para otimização
2025-07-04 14:33:34,333 - webiss_automation - INFO - ✅ Formulário do tomador preenchido com sucesso!
2025-07-04 14:33:34,335 - webiss_automation - INFO - === TENTANDO CLICAR EM PRÓXIMO ===
2025-07-04 14:33:34,835 - webiss_automation - INFO - Tentando XPath: //a[@id='btnProximo']
2025-07-04 14:33:34,856 - webiss_automation - INFO - ✅ Botão Próximo encontrado: //a[@id='btnProximo']
2025-07-04 14:33:35,857 - webiss_automation - INFO - Aguardando botão Próximo (sem scroll)
2025-07-04 14:33:35,873 - webiss_automation - INFO - Clicando no botão Próximo via JavaScript...
2025-07-04 14:33:36,142 - webiss_automation - INFO - ✅ Botão Próximo clicado via JavaScript!
2025-07-04 14:33:37,163 - webiss_automation - INFO - ℹ️ Nenhum modal de confirmação detectado
2025-07-04 14:33:37,168 - webiss_automation - INFO - URL após clique: https://palmasto.webiss.com.br/issqn/nfse/criar
2025-07-04 14:33:37,169 - webiss_automation - INFO - Título após clique: Criar nota fiscal eletrônica - CENTRO EDUCACIONAL JCC LTDA (33.633.805/0001-21) [IMU: 2414139] | WebISS®
2025-07-04 14:33:37,169 - webiss_automation - ERROR - Erro ao salvar screenshot: name 'os' is not defined
2025-07-04 14:33:37,169 - webiss_automation - INFO - Screenshot após clique salvo: apos_proximo_click.png
2025-07-04 14:33:38,173 - webiss_automation - INFO - === PREENCHENDO STEP 3 - SERVIÇOS (SEM SCROLL) ===
2025-07-04 14:33:38,173 - webiss_automation - INFO - Dados recebidos: {'cpf_cnpj': '56549156149', 'nome_cliente': 'LUCIANA OLIVEIRA XAVIER', 'endereco': 'SUL ALAMEDA 09 LOTE 3 - PLANO DIRETOR SUL, PALMAS / TO - 77016640', 'valor': 1155.81, 'vencimento': '10/07/2025', 'descricao': 'MENSALIDADE: 701171 - ANANDA OLIVEIRA SOARES - TURMA: G1MA', 'turma': 'G1MA', 'cep': '77016-640'}
2025-07-04 14:33:38,179 - webiss_automation - INFO - ✅ Ano preenchido via JavaScript: 2025
2025-07-04 14:33:38,188 - webiss_automation - INFO - ✅ Mês selecionado via JavaScript: 7
2025-07-04 14:33:38,393 - webiss_automation - INFO - ✅ Tipo de atividade selecionado via JavaScript
2025-07-04 14:33:38,404 - webiss_automation - INFO - ✅ CNAE selecionado via JavaScript (índice 2)
2025-07-04 14:33:38,409 - webiss_automation - INFO - ✅ Valor do serviço preenchido via JavaScript: 1155.81
2025-07-04 14:33:39,415 - webiss_automation - INFO - ✅ Descrição preenchida via JavaScript
2025-07-04 14:33:39,415 - webiss_automation - ERROR - Erro ao salvar screenshot: name 'os' is not defined
2025-07-04 14:33:39,415 - webiss_automation - INFO - Screenshot final da Step 3 (sem scroll) salvo: step3_sem_scroll.png
2025-07-04 14:33:39,415 - webiss_automation - INFO - ✅ [SERVIÇOS] Etapa de serviços preenchida com sucesso (sem scroll)!
2025-07-04 14:33:40,418 - webiss_automation - INFO - === TENTANDO CLICAR EM PRÓXIMO ===
2025-07-04 14:33:40,919 - webiss_automation - INFO - Tentando XPath: //a[@id='btnProximo']
2025-07-04 14:33:40,945 - webiss_automation - INFO - ✅ Botão Próximo encontrado: //a[@id='btnProximo']
2025-07-04 14:33:41,945 - webiss_automation - INFO - Aguardando botão Próximo (sem scroll)
2025-07-04 14:33:41,961 - webiss_automation - INFO - Clicando no botão Próximo via JavaScript...
2025-07-04 14:33:42,343 - webiss_automation - INFO - ✅ Botão Próximo clicado via JavaScript!
2025-07-04 14:33:43,352 - webiss_automation - INFO - ℹ️ Nenhum modal de confirmação detectado
2025-07-04 14:33:43,359 - webiss_automation - INFO - URL após clique: https://palmasto.webiss.com.br/issqn/nfse/criar
2025-07-04 14:33:43,360 - webiss_automation - INFO - Título após clique: Criar nota fiscal eletrônica - CENTRO EDUCACIONAL JCC LTDA (33.633.805/0001-21) [IMU: 2414139] | WebISS®
2025-07-04 14:33:43,360 - webiss_automation - ERROR - Erro ao salvar screenshot: name 'os' is not defined
2025-07-04 14:33:43,360 - webiss_automation - INFO - Screenshot após clique salvo: apos_proximo_click.png
2025-07-04 14:33:44,878 - webiss_automation - INFO - Aba 'Valores' ativada via JS.
2025-07-04 14:33:44,921 - webiss_automation - INFO - Campo de valor do serviço presente no DOM.
2025-07-04 14:33:44,977 - webiss_automation - INFO - Tentando preencher valor do serviço via JS: 1155.81
2025-07-04 14:33:45,503 - webiss_automation - INFO - Valor no campo após envio: 1155.81
2025-07-04 14:33:45,505 - webiss_automation - INFO - Automação parada após preencher valor do serviço no Step 4.
2025-07-04 14:34:16,252 - webiss_automation - ERROR - Botão Salvar rascunho não encontrado em nenhum seletor
2025-07-04 14:34:16,252 - webiss_automation - ERROR - Erro ao salvar screenshot: name 'os' is not defined
2025-07-04 14:49:38,893 - webiss_automation - INFO - Driver do navegador fechado
2025-07-04 14:49:38,898 - __main__ - INFO - Aplicação finalizada
