2025-07-04 15:23:37,870 - utils.license_checker - INFO - Licença válida para ColegioObjetivo - 58 dias restantes
2025-07-04 15:23:37,954 - config.settings - INFO - Configurações carregadas de: C:\Users\yudim\OneDrive\Documentos\projetos-hatcorp\emite-nota\dist\.env
2025-07-04 15:23:52,708 - webiss_automation - INFO - Configurando driver com URL: https://palmasto.webiss.com.br
2025-07-04 15:23:52,709 - WDM - INFO - ====== WebDriver manager ======
2025-07-04 15:23:53,441 - WDM - INFO - Get LATEST chromedriver version for google-chrome
2025-07-04 15:23:53,929 - WDM - INFO - Get LATEST chromedriver version for google-chrome
2025-07-04 15:23:54,396 - WDM - INFO - Driver [C:\Users\yudim\.wdm\drivers\chromedriver\win64\137.0.7151.119\chromedriver-win32/THIRD_PARTY_NOTICES.chromedriver] found in cache
2025-07-04 15:23:54,397 - webiss_automation - WARNING - Erro com ChromeDriverManager: [WinError 193] %1 não é um aplicativo Win32 válido
2025-07-04 15:23:55,963 - webiss_automation - INFO - Driver do Chrome configurado com sucesso
2025-07-04 15:23:55,963 - webiss_automation - INFO - Navegando para: https://palmasto.webiss.com.br
2025-07-04 15:24:00,333 - webiss_automation - INFO - URL atual: https://palmasto.webiss.com.br/
2025-07-04 15:24:00,338 - webiss_automation - INFO - Título da página: Autenticação | WebISS®
2025-07-04 15:24:00,346 - webiss_automation - INFO - Campo de usuário encontrado: xpath=//input[@type='text']
2025-07-04 15:24:00,355 - webiss_automation - INFO - Usuário preenchido via JavaScript
2025-07-04 15:24:00,362 - webiss_automation - INFO - Campo de senha encontrado: xpath=//input[@type='password']
2025-07-04 15:24:00,370 - webiss_automation - INFO - Senha preenchida via JavaScript
2025-07-04 15:24:00,377 - webiss_automation - INFO - Botão de login encontrado: xpath=//button[@type='submit']
2025-07-04 15:24:02,688 - webiss_automation - INFO - Botão de login clicado via JavaScript
2025-07-04 15:24:03,192 - webiss_automation - INFO - URL após login: https://palmasto.webiss.com.br/inicio
2025-07-04 15:24:03,195 - webiss_automation - INFO - Título após login: Início | WebISS®
2025-07-04 15:24:03,211 - webiss_automation - INFO - Login realizado com sucesso
2025-07-04 15:24:06,182 - webiss_automation - INFO - Menu ISSQN clicado
2025-07-04 15:24:07,242 - webiss_automation - INFO - Menu NFS-e clicado
2025-07-04 15:24:11,315 - webiss_automation - INFO - Menu Criar clicado - pronto para preencher a nota
2025-07-04 15:24:11,337 - webiss_automation - INFO - Botão Próximo encontrado: //a[@id='btnProximo']
2025-07-04 15:24:12,390 - webiss_automation - INFO - Botão Próximo clicado - avançando para Tomador
2025-07-04 15:24:12,416 - webiss_automation - INFO - === PREENCHENDO FORMULÁRIO TOMADOR ===
2025-07-04 15:24:12,416 - webiss_automation - INFO - Dados recebidos: {'cpf_cnpj': '71075224187', 'nome_cliente': 'THIAGO CARMO OLIVEIRA', 'endereco': '402 SUL, RUA NS B, CONJUNTO 02 LT 07/08, , PALMAS/ - 77021624', 'valor': 1049.1, 'vencimento': '10/07/2025', 'descricao': 'MENSALIDADE: 701490 - ANNA LUIZA KZAN CARMO OLIVEIRA - TURMA: G1MA', 'turma': 'G1MA', 'cep': '77021-624'}
2025-07-04 15:24:12,603 - webiss_automation - INFO - ✅ Campo cpf_cnpj preenchido: 71075224187 (usando: //input[@placeholder='Número do documento do tomador'])
2025-07-04 15:24:12,826 - webiss_automation - INFO - ✅ Campo nome_cliente preenchido: THIAGO CARMO OLIVEIRA (usando: //input[@placeholder='Razão social do tomador'])
2025-07-04 15:24:12,826 - webiss_automation - INFO - CEP recebido nos dados: '77021-624'
2025-07-04 15:24:12,826 - webiss_automation - INFO - ✅ CEP já disponível nos dados: 77021-624
2025-07-04 15:24:12,827 - webiss_automation - INFO - 🔍 Verificando campo Inscrição Municipal...
2025-07-04 15:24:12,846 - webiss_automation - INFO - 🔄 Campo Inscrição Municipal é um select normal - tentando selecionar opção correta...
2025-07-04 15:24:12,846 - webiss_automation - INFO - 🎯 Tentando encontrar inscrição municipal para CEP: 77021-624
2025-07-04 15:24:14,860 - webiss_automation - WARNING - ⚠️ Select está desabilitado, tentando habilitar...
2025-07-04 15:24:15,876 - webiss_automation - INFO - 📋 Encontradas 1 opções de inscrição municipal
2025-07-04 15:24:15,890 - webiss_automation - INFO -   Opção 0: valor='-1', texto=''
2025-07-04 15:24:15,891 - webiss_automation - WARNING - ⚠️ Nenhuma opção válida encontrada no select
2025-07-04 15:24:15,891 - webiss_automation - INFO - 🔄 Aguardando carregamento das opções...
2025-07-04 15:24:18,896 - webiss_automation - INFO - 📋 Após aguardar: 1 opções encontradas
2025-07-04 15:24:18,896 - webiss_automation - WARNING - ⚠️ Ainda não há opções válidas, tentando forçar carregamento...
2025-07-04 15:24:20,910 - webiss_automation - INFO - 📋 Após clicar: 1 opções encontradas
2025-07-04 15:24:20,910 - webiss_automation - ERROR - ❌ Não foi possível carregar opções do select
2025-07-04 15:24:20,910 - webiss_automation - WARNING - ⚠️ Não foi possível encontrar inscrição municipal pelo CEP
2025-07-04 15:24:20,910 - webiss_automation - INFO - ℹ️ Pulando aguardo do município para otimização
2025-07-04 15:24:20,911 - webiss_automation - INFO - ✅ Formulário do tomador preenchido com sucesso!
2025-07-04 15:24:20,914 - webiss_automation - INFO - === TENTANDO CLICAR EM PRÓXIMO ===
2025-07-04 15:24:21,415 - webiss_automation - INFO - Tentando XPath: //a[@id='btnProximo']
2025-07-04 15:24:21,433 - webiss_automation - INFO - ✅ Botão Próximo encontrado: //a[@id='btnProximo']
2025-07-04 15:24:22,433 - webiss_automation - INFO - Aguardando botão Próximo (sem scroll)
2025-07-04 15:24:22,448 - webiss_automation - INFO - Clicando no botão Próximo via JavaScript...
2025-07-04 15:24:22,782 - webiss_automation - INFO - ✅ Botão Próximo clicado via JavaScript!
2025-07-04 15:24:23,795 - webiss_automation - INFO - ℹ️ Nenhum modal de confirmação detectado
2025-07-04 15:24:23,801 - webiss_automation - INFO - URL após clique: https://palmasto.webiss.com.br/issqn/nfse/criar
2025-07-04 15:24:23,801 - webiss_automation - INFO - Título após clique: Criar nota fiscal eletrônica - CENTRO EDUCACIONAL JCC LTDA (33.633.805/0001-21) [IMU: 2414139] | WebISS®
2025-07-04 15:24:23,921 - webiss_automation - INFO - Screenshot salvo: C:\Users\yudim\OneDrive\Documentos\projetos-hatcorp\emite-nota\dist\logs\apos_proximo_click.png
2025-07-04 15:24:23,922 - webiss_automation - INFO - Screenshot após clique salvo: apos_proximo_click.png
2025-07-04 15:24:24,924 - webiss_automation - INFO - === PREENCHENDO STEP 3 - SERVIÇOS (SEM SCROLL) ===
2025-07-04 15:24:24,924 - webiss_automation - INFO - Dados recebidos: {'cpf_cnpj': '71075224187', 'nome_cliente': 'THIAGO CARMO OLIVEIRA', 'endereco': '402 SUL, RUA NS B, CONJUNTO 02 LT 07/08, , PALMAS/ - 77021624', 'valor': 1049.1, 'vencimento': '10/07/2025', 'descricao': 'MENSALIDADE: 701490 - ANNA LUIZA KZAN CARMO OLIVEIRA - TURMA: G1MA', 'turma': 'G1MA', 'cep': '77021-624'}
2025-07-04 15:24:24,928 - webiss_automation - INFO - ✅ Ano preenchido via JavaScript: 2025
2025-07-04 15:24:24,934 - webiss_automation - INFO - ✅ Mês selecionado via JavaScript: 7
2025-07-04 15:24:25,147 - webiss_automation - INFO - ✅ Tipo de atividade selecionado via JavaScript
2025-07-04 15:24:25,155 - webiss_automation - INFO - ✅ CNAE selecionado via JavaScript (índice 2)
2025-07-04 15:24:25,161 - webiss_automation - INFO - ✅ Valor do serviço preenchido via JavaScript: 1049.1
2025-07-04 15:24:26,168 - webiss_automation - INFO - ✅ Descrição preenchida via JavaScript
2025-07-04 15:24:26,298 - webiss_automation - INFO - Screenshot salvo: C:\Users\yudim\OneDrive\Documentos\projetos-hatcorp\emite-nota\dist\logs\step3_sem_scroll.png
2025-07-04 15:24:26,298 - webiss_automation - INFO - Screenshot final da Step 3 (sem scroll) salvo: step3_sem_scroll.png
2025-07-04 15:24:26,298 - webiss_automation - INFO - ✅ [SERVIÇOS] Etapa de serviços preenchida com sucesso (sem scroll)!
2025-07-04 15:24:27,301 - webiss_automation - INFO - === TENTANDO CLICAR EM PRÓXIMO ===
2025-07-04 15:24:27,801 - webiss_automation - INFO - Tentando XPath: //a[@id='btnProximo']
2025-07-04 15:24:27,819 - webiss_automation - INFO - ✅ Botão Próximo encontrado: //a[@id='btnProximo']
2025-07-04 15:24:28,819 - webiss_automation - INFO - Aguardando botão Próximo (sem scroll)
2025-07-04 15:24:28,835 - webiss_automation - INFO - Clicando no botão Próximo via JavaScript...
2025-07-04 15:24:29,988 - webiss_automation - INFO - ✅ Botão Próximo clicado via JavaScript!
2025-07-04 15:24:30,997 - webiss_automation - INFO - ℹ️ Nenhum modal de confirmação detectado
2025-07-04 15:24:31,002 - webiss_automation - INFO - URL após clique: https://palmasto.webiss.com.br/issqn/nfse/criar
2025-07-04 15:24:31,003 - webiss_automation - INFO - Título após clique: Criar nota fiscal eletrônica - CENTRO EDUCACIONAL JCC LTDA (33.633.805/0001-21) [IMU: 2414139] | WebISS®
2025-07-04 15:24:31,106 - webiss_automation - INFO - Screenshot salvo: C:\Users\yudim\OneDrive\Documentos\projetos-hatcorp\emite-nota\dist\logs\apos_proximo_click.png
2025-07-04 15:24:31,106 - webiss_automation - INFO - Screenshot após clique salvo: apos_proximo_click.png
2025-07-04 15:24:32,624 - webiss_automation - INFO - Aba 'Valores' ativada via JS.
2025-07-04 15:24:32,636 - webiss_automation - INFO - Campo de valor do serviço presente no DOM.
2025-07-04 15:24:32,656 - webiss_automation - INFO - Tentando preencher valor do serviço via JS: 1049.1
2025-07-04 15:24:33,165 - webiss_automation - INFO - Valor no campo após envio: 1049.1
2025-07-04 15:24:33,165 - webiss_automation - INFO - Automação parada após preencher valor do serviço no Step 4.
2025-07-04 15:24:33,206 - webiss_automation - INFO - Botão Salvar rascunho encontrado: //a[contains(@class, 'salvar-rascunho')]
2025-07-04 15:24:33,422 - webiss_automation - ERROR - Erro ao clicar em Salvar rascunho: ('Connection aborted.', ConnectionResetError(10054, 'Foi forçado o cancelamento de uma conexão existente pelo host remoto', None, 10054, None))
