2025-07-04 14:50:37,054 - utils.license_checker - INFO - Licença válida para ColegioObjetivo - 58 dias restantes
2025-07-04 14:50:37,138 - config.settings - INFO - Configurações carregadas de: C:\Users\yudim\OneDrive\Documentos\projetos-hatcorp\emite-nota\dist\.env
2025-07-04 14:50:54,221 - webiss_automation - INFO - Configurando driver com URL: https://palmasto.webiss.com.br
2025-07-04 14:50:54,221 - WDM - INFO - ====== WebDriver manager ======
2025-07-04 14:50:55,106 - WDM - INFO - Get LATEST chromedriver version for google-chrome
2025-07-04 14:50:55,813 - WDM - INFO - Get LATEST chromedriver version for google-chrome
2025-07-04 14:50:56,383 - WDM - INFO - Driver [C:\Users\yudim\.wdm\drivers\chromedriver\win64\137.0.7151.119\chromedriver-win32/THIRD_PARTY_NOTICES.chromedriver] found in cache
2025-07-04 14:50:56,385 - webiss_automation - WARNING - Erro com ChromeDriverManager: [WinError 193] %1 não é um aplicativo Win32 válido
2025-07-04 14:50:57,991 - webiss_automation - INFO - Driver do Chrome configurado com sucesso
2025-07-04 14:50:57,992 - webiss_automation - INFO - Navegando para: https://palmasto.webiss.com.br
2025-07-04 14:51:02,760 - webiss_automation - INFO - URL atual: https://palmasto.webiss.com.br/
2025-07-04 14:51:02,764 - webiss_automation - INFO - Título da página: Autenticação | WebISS®
2025-07-04 14:51:02,773 - webiss_automation - INFO - Campo de usuário encontrado: xpath=//input[@type='text']
2025-07-04 14:51:02,782 - webiss_automation - INFO - Usuário preenchido via JavaScript
2025-07-04 14:51:02,791 - webiss_automation - INFO - Campo de senha encontrado: xpath=//input[@type='password']
2025-07-04 14:51:02,800 - webiss_automation - INFO - Senha preenchida via JavaScript
2025-07-04 14:51:02,807 - webiss_automation - INFO - Botão de login encontrado: xpath=//button[@type='submit']
2025-07-04 14:51:04,374 - webiss_automation - INFO - Botão de login clicado via JavaScript
2025-07-04 14:51:04,880 - webiss_automation - INFO - URL após login: https://palmasto.webiss.com.br/inicio
2025-07-04 14:51:04,885 - webiss_automation - INFO - Título após login: Início | WebISS®
2025-07-04 14:51:04,904 - webiss_automation - INFO - Login realizado com sucesso
2025-07-04 14:51:07,886 - webiss_automation - INFO - Menu ISSQN clicado
2025-07-04 14:51:08,943 - webiss_automation - INFO - Menu NFS-e clicado
2025-07-04 14:51:11,899 - webiss_automation - INFO - Menu Criar clicado - pronto para preencher a nota
2025-07-04 14:51:11,924 - webiss_automation - INFO - Botão Próximo encontrado: //a[@id='btnProximo']
2025-07-04 14:51:12,967 - webiss_automation - INFO - Botão Próximo clicado - avançando para Tomador
2025-07-04 14:51:12,985 - webiss_automation - INFO - === PREENCHENDO FORMULÁRIO TOMADOR ===
2025-07-04 14:51:12,985 - webiss_automation - INFO - Dados recebidos: {'cpf_cnpj': '56549156149', 'nome_cliente': 'LUCIANA OLIVEIRA XAVIER', 'endereco': 'SUL ALAMEDA 09 LOTE 3 - PLANO DIRETOR SUL, PALMAS / TO - 77016640', 'valor': 1155.81, 'vencimento': '10/07/2025', 'descricao': 'MENSALIDADE: 701171 - ANANDA OLIVEIRA SOARES - TURMA: G1MA', 'turma': 'G1MA', 'cep': '77016-640'}
2025-07-04 14:51:13,181 - webiss_automation - INFO - ✅ Campo cpf_cnpj preenchido: 56549156149 (usando: //input[@placeholder='Número do documento do tomador'])
2025-07-04 14:51:13,392 - webiss_automation - INFO - ✅ Campo nome_cliente preenchido: LUCIANA OLIVEIRA XAVIER (usando: //input[@placeholder='Razão social do tomador'])
2025-07-04 14:51:13,393 - webiss_automation - INFO - CEP recebido nos dados: '77016-640'
2025-07-04 14:51:13,393 - webiss_automation - INFO - ✅ CEP já disponível nos dados: 77016-640
2025-07-04 14:51:13,393 - webiss_automation - INFO - 🔍 Verificando campo Inscrição Municipal...
2025-07-04 14:51:13,444 - webiss_automation - INFO - ℹ️ Campo Inscrição Municipal não é um select2 - preenchendo CEP normalmente
2025-07-04 14:51:13,444 - webiss_automation - INFO - Tentando preencher CEP: '77016-640'
2025-07-04 14:51:13,474 - webiss_automation - WARNING - ❌ Campo cep não encontrado em nenhum XPath
2025-07-04 14:51:13,474 - webiss_automation - ERROR - ❌ Falha ao preencher CEP: 77016-640
2025-07-04 14:51:13,474 - webiss_automation - INFO - ℹ️ Pulando aguardo do município para otimização
2025-07-04 14:51:13,474 - webiss_automation - INFO - ✅ Formulário do tomador preenchido com sucesso!
2025-07-04 14:51:13,477 - webiss_automation - INFO - === TENTANDO CLICAR EM PRÓXIMO ===
2025-07-04 14:51:13,977 - webiss_automation - INFO - Tentando XPath: //a[@id='btnProximo']
2025-07-04 14:51:13,998 - webiss_automation - INFO - ✅ Botão Próximo encontrado: //a[@id='btnProximo']
2025-07-04 14:51:14,999 - webiss_automation - INFO - Aguardando botão Próximo (sem scroll)
2025-07-04 14:51:15,014 - webiss_automation - INFO - Clicando no botão Próximo via JavaScript...
2025-07-04 14:51:15,270 - webiss_automation - INFO - ✅ Botão Próximo clicado via JavaScript!
2025-07-04 14:51:16,281 - webiss_automation - INFO - ℹ️ Nenhum modal de confirmação detectado
2025-07-04 14:51:16,286 - webiss_automation - INFO - URL após clique: https://palmasto.webiss.com.br/issqn/nfse/criar
2025-07-04 14:51:16,286 - webiss_automation - INFO - Título após clique: Criar nota fiscal eletrônica - CENTRO EDUCACIONAL JCC LTDA (33.633.805/0001-21) [IMU: 2414139] | WebISS®
2025-07-04 14:51:16,286 - webiss_automation - ERROR - Erro ao salvar screenshot: name 'os' is not defined
2025-07-04 14:51:16,286 - webiss_automation - INFO - Screenshot após clique salvo: apos_proximo_click.png
2025-07-04 14:51:17,291 - webiss_automation - INFO - === PREENCHENDO STEP 3 - SERVIÇOS (SEM SCROLL) ===
2025-07-04 14:51:17,291 - webiss_automation - INFO - Dados recebidos: {'cpf_cnpj': '56549156149', 'nome_cliente': 'LUCIANA OLIVEIRA XAVIER', 'endereco': 'SUL ALAMEDA 09 LOTE 3 - PLANO DIRETOR SUL, PALMAS / TO - 77016640', 'valor': 1155.81, 'vencimento': '10/07/2025', 'descricao': 'MENSALIDADE: 701171 - ANANDA OLIVEIRA SOARES - TURMA: G1MA', 'turma': 'G1MA', 'cep': '77016-640'}
2025-07-04 14:51:17,298 - webiss_automation - INFO - ✅ Ano preenchido via JavaScript: 2025
2025-07-04 14:51:17,307 - webiss_automation - INFO - ✅ Mês selecionado via JavaScript: 7
2025-07-04 14:51:17,591 - webiss_automation - INFO - ✅ Tipo de atividade selecionado via JavaScript
2025-07-04 14:51:17,601 - webiss_automation - INFO - ✅ CNAE selecionado via JavaScript (índice 2)
2025-07-04 14:51:17,605 - webiss_automation - INFO - ✅ Valor do serviço preenchido via JavaScript: 1155.81
2025-07-04 14:51:18,611 - webiss_automation - INFO - ✅ Descrição preenchida via JavaScript
2025-07-04 14:51:18,611 - webiss_automation - ERROR - Erro ao salvar screenshot: name 'os' is not defined
2025-07-04 14:51:18,611 - webiss_automation - INFO - Screenshot final da Step 3 (sem scroll) salvo: step3_sem_scroll.png
2025-07-04 14:51:18,612 - webiss_automation - INFO - ✅ [SERVIÇOS] Etapa de serviços preenchida com sucesso (sem scroll)!
2025-07-04 14:51:19,616 - webiss_automation - INFO - === TENTANDO CLICAR EM PRÓXIMO ===
2025-07-04 14:51:20,116 - webiss_automation - INFO - Tentando XPath: //a[@id='btnProximo']
2025-07-04 14:51:20,138 - webiss_automation - INFO - ✅ Botão Próximo encontrado: //a[@id='btnProximo']
2025-07-04 14:51:21,139 - webiss_automation - INFO - Aguardando botão Próximo (sem scroll)
2025-07-04 14:51:21,155 - webiss_automation - INFO - Clicando no botão Próximo via JavaScript...
2025-07-04 14:51:21,414 - webiss_automation - INFO - ✅ Botão Próximo clicado via JavaScript!
2025-07-04 14:51:22,422 - webiss_automation - INFO - ℹ️ Nenhum modal de confirmação detectado
2025-07-04 14:51:22,430 - webiss_automation - INFO - URL após clique: https://palmasto.webiss.com.br/issqn/nfse/criar
2025-07-04 14:51:22,430 - webiss_automation - INFO - Título após clique: Criar nota fiscal eletrônica - CENTRO EDUCACIONAL JCC LTDA (33.633.805/0001-21) [IMU: 2414139] | WebISS®
2025-07-04 14:51:22,431 - webiss_automation - ERROR - Erro ao salvar screenshot: name 'os' is not defined
2025-07-04 14:51:22,431 - webiss_automation - INFO - Screenshot após clique salvo: apos_proximo_click.png
2025-07-04 14:51:23,964 - webiss_automation - INFO - Aba 'Valores' ativada via JS.
2025-07-04 14:51:23,975 - webiss_automation - INFO - Campo de valor do serviço presente no DOM.
2025-07-04 14:51:23,999 - webiss_automation - INFO - Tentando preencher valor do serviço via JS: 1155.81
2025-07-04 14:51:24,510 - webiss_automation - INFO - Valor no campo após envio: 1155.81
2025-07-04 14:51:24,510 - webiss_automation - INFO - Automação parada após preencher valor do serviço no Step 4.
2025-07-04 14:51:55,101 - webiss_automation - ERROR - Botão Salvar rascunho não encontrado em nenhum seletor
2025-07-04 14:51:55,101 - webiss_automation - ERROR - Erro ao salvar screenshot: name 'os' is not defined
