2025-07-04 16:05:07,216 - utils.license_checker - INFO - Licença válida para ColegioObjetivo - 58 dias restantes
2025-07-04 16:05:07,311 - config.settings - INFO - Configurações carregadas de: C:\Users\yudim\OneDrive\Documentos\projetos-hatcorp\emite-nota\dist\.env
2025-07-04 16:06:06,009 - webiss_automation - INFO - Configurando driver com URL: https://palmasto.webiss.com.br
2025-07-04 16:06:06,009 - WDM - INFO - ====== WebDriver manager ======
2025-07-04 16:06:07,108 - WDM - INFO - Get LATEST chromedriver version for google-chrome
2025-07-04 16:06:07,658 - WDM - INFO - Get LATEST chromedriver version for google-chrome
2025-07-04 16:06:08,331 - WDM - INFO - Driver [C:\Users\yudim\.wdm\drivers\chromedriver\win64\137.0.7151.119\chromedriver-win32/THIRD_PARTY_NOTICES.chromedriver] found in cache
2025-07-04 16:06:08,333 - webiss_automation - WARNING - Erro com ChromeDriverManager: [WinError 193] %1 não é um aplicativo Win32 válido
2025-07-04 16:06:09,747 - webiss_automation - INFO - Driver do Chrome configurado com sucesso
2025-07-04 16:06:09,748 - webiss_automation - INFO - Navegando para: https://palmasto.webiss.com.br
2025-07-04 16:06:14,352 - webiss_automation - INFO - URL atual: https://palmasto.webiss.com.br/
2025-07-04 16:06:14,356 - webiss_automation - INFO - Título da página: Autenticação | WebISS®
2025-07-04 16:06:14,363 - webiss_automation - INFO - Campo de usuário encontrado: xpath=//input[@type='text']
2025-07-04 16:06:14,373 - webiss_automation - INFO - Usuário preenchido via JavaScript
2025-07-04 16:06:14,381 - webiss_automation - INFO - Campo de senha encontrado: xpath=//input[@type='password']
2025-07-04 16:06:14,390 - webiss_automation - INFO - Senha preenchida via JavaScript
2025-07-04 16:06:14,399 - webiss_automation - INFO - Botão de login encontrado: xpath=//button[@type='submit']
2025-07-04 16:06:15,843 - webiss_automation - INFO - Botão de login clicado via JavaScript
2025-07-04 16:06:16,348 - webiss_automation - INFO - URL após login: https://palmasto.webiss.com.br/inicio
2025-07-04 16:06:16,352 - webiss_automation - INFO - Título após login: Início | WebISS®
2025-07-04 16:06:16,373 - webiss_automation - INFO - Login realizado com sucesso
2025-07-04 16:06:28,394 - webiss_automation - INFO - Menu ISSQN clicado
2025-07-04 16:06:29,464 - webiss_automation - INFO - Menu NFS-e clicado
2025-07-04 16:06:32,830 - webiss_automation - INFO - Menu Criar clicado - pronto para preencher a nota
2025-07-04 16:06:32,853 - webiss_automation - INFO - Botão Próximo encontrado: //a[@id='btnProximo']
2025-07-04 16:06:33,920 - webiss_automation - INFO - Botão Próximo clicado - avançando para Tomador
2025-07-04 16:06:34,006 - webiss_automation - INFO - === PREENCHENDO FORMULÁRIO TOMADOR ===
2025-07-04 16:06:34,012 - webiss_automation - INFO - Dados recebidos: {'cpf_cnpj': '71075224187', 'nome_cliente': 'THIAGO CARMO OLIVEIRA', 'endereco': '402 SUL, RUA NS B, CONJUNTO 02 LT 07/08, , PALMAS/ - 77021624', 'valor': 1049.1, 'vencimento': '10/07/2025', 'descricao': 'MENSALIDADE: 701490 - ANNA LUIZA KZAN CARMO OLIVEIRA - TURMA: G1MA', 'turma': 'G1MA', 'cep': '77021-624'}
2025-07-04 16:06:34,240 - webiss_automation - INFO - ✅ Campo cpf_cnpj preenchido: 71075224187 (usando: //input[@placeholder='Número do documento do tomador'])
2025-07-04 16:06:34,438 - webiss_automation - INFO - ✅ Campo nome_cliente preenchido: THIAGO CARMO OLIVEIRA (usando: //input[@placeholder='Razão social do tomador'])
2025-07-04 16:06:34,438 - webiss_automation - INFO - CEP recebido nos dados: '77021-624'
2025-07-04 16:06:34,438 - webiss_automation - INFO - ✅ CEP já disponível nos dados: 77021-624
2025-07-04 16:06:34,438 - webiss_automation - INFO - 🔍 Verificando campo Inscrição Municipal...
2025-07-04 16:06:34,454 - webiss_automation - INFO - 🔄 Campo Inscrição Municipal é um select normal - tentando selecionar opção correta...
2025-07-04 16:06:34,455 - webiss_automation - INFO - 🎯 Tentando encontrar inscrição municipal para CEP: 77021-624
2025-07-04 16:06:36,468 - webiss_automation - WARNING - ⚠️ Select está desabilitado, tentando habilitar...
2025-07-04 16:06:37,486 - webiss_automation - INFO - 📋 Encontradas 1 opções de inscrição municipal
2025-07-04 16:06:37,502 - webiss_automation - INFO -   Opção 0: valor='-1', texto=''
2025-07-04 16:06:37,502 - webiss_automation - WARNING - ⚠️ Nenhuma opção válida encontrada no select
2025-07-04 16:06:37,502 - webiss_automation - INFO - 🔄 Aguardando carregamento das opções...
2025-07-04 16:06:40,511 - webiss_automation - INFO - 📋 Após aguardar: 1 opções encontradas
2025-07-04 16:06:40,511 - webiss_automation - WARNING - ⚠️ Ainda não há opções válidas, tentando forçar carregamento...
2025-07-04 16:06:42,525 - webiss_automation - INFO - 📋 Após clicar: 1 opções encontradas
2025-07-04 16:06:42,525 - webiss_automation - ERROR - ❌ Não foi possível carregar opções do select
2025-07-04 16:06:42,526 - webiss_automation - WARNING - ⚠️ Não foi possível encontrar inscrição municipal pelo CEP
2025-07-04 16:06:42,526 - webiss_automation - INFO - ℹ️ Pulando aguardo do município para otimização
2025-07-04 16:06:42,526 - webiss_automation - INFO - ✅ Formulário do tomador preenchido com sucesso!
2025-07-04 16:06:42,529 - webiss_automation - INFO - === TENTANDO CLICAR EM PRÓXIMO ===
2025-07-04 16:06:43,029 - webiss_automation - INFO - Tentando XPath: //a[@id='btnProximo']
2025-07-04 16:06:43,050 - webiss_automation - INFO - ✅ Botão Próximo encontrado: //a[@id='btnProximo']
2025-07-04 16:06:44,051 - webiss_automation - INFO - Aguardando botão Próximo (sem scroll)
2025-07-04 16:06:44,062 - webiss_automation - INFO - Clicando no botão Próximo via JavaScript...
2025-07-04 16:06:44,320 - webiss_automation - INFO - ✅ Botão Próximo clicado via JavaScript!
2025-07-04 16:06:45,337 - webiss_automation - INFO - ℹ️ Nenhum modal de confirmação detectado
2025-07-04 16:06:45,343 - webiss_automation - INFO - URL após clique: https://palmasto.webiss.com.br/issqn/nfse/criar
2025-07-04 16:06:45,343 - webiss_automation - INFO - Título após clique: Criar nota fiscal eletrônica - CENTRO EDUCACIONAL JCC LTDA (33.633.805/0001-21) [IMU: 2414139] | WebISS®
2025-07-04 16:06:45,446 - webiss_automation - INFO - Screenshot salvo: C:\Users\yudim\OneDrive\Documentos\projetos-hatcorp\emite-nota\dist\logs\apos_proximo_click.png
2025-07-04 16:06:45,447 - webiss_automation - INFO - Screenshot após clique salvo: apos_proximo_click.png
2025-07-04 16:06:47,956 - webiss_automation - INFO - Driver do navegador fechado
2025-07-04 16:06:47,962 - __main__ - INFO - Aplicação finalizada
