2025-07-04 15:59:04,576 - utils.license_checker - INFO - Licença válida para ColegioObjetivo - 58 dias restantes
2025-07-04 15:59:04,656 - config.settings - INFO - Configurações carregadas de: C:\Users\yudim\OneDrive\Documentos\projetos-hatcorp\emite-nota\dist\.env
2025-07-04 15:59:23,792 - webiss_automation - INFO - Configurando driver com URL: https://palmasto.webiss.com.br
2025-07-04 15:59:23,792 - WDM - INFO - ====== WebDriver manager ======
2025-07-04 15:59:24,712 - WDM - INFO - Get LATEST chromedriver version for google-chrome
2025-07-04 15:59:25,422 - WDM - INFO - Get LATEST chromedriver version for google-chrome
2025-07-04 15:59:26,041 - WDM - INFO - Driver [C:\Users\yudim\.wdm\drivers\chromedriver\win64\137.0.7151.119\chromedriver-win32/THIRD_PARTY_NOTICES.chromedriver] found in cache
2025-07-04 15:59:26,064 - webiss_automation - WARNING - Erro com ChromeDriverManager: [WinError 193] %1 não é um aplicativo Win32 válido
2025-07-04 15:59:27,693 - webiss_automation - INFO - Driver do Chrome configurado com sucesso
2025-07-04 15:59:27,693 - webiss_automation - INFO - Navegando para: https://palmasto.webiss.com.br
2025-07-04 15:59:33,830 - webiss_automation - INFO - URL atual: https://palmasto.webiss.com.br/
2025-07-04 15:59:33,837 - webiss_automation - INFO - Título da página: Autenticação | WebISS®
2025-07-04 15:59:33,862 - webiss_automation - INFO - Campo de usuário encontrado: xpath=//input[@type='text']
2025-07-04 15:59:33,871 - webiss_automation - INFO - Usuário preenchido via JavaScript
2025-07-04 15:59:33,879 - webiss_automation - INFO - Campo de senha encontrado: xpath=//input[@type='password']
2025-07-04 15:59:33,887 - webiss_automation - INFO - Senha preenchida via JavaScript
2025-07-04 15:59:33,895 - webiss_automation - INFO - Botão de login encontrado: xpath=//button[@type='submit']
2025-07-04 15:59:35,805 - webiss_automation - INFO - Botão de login clicado via JavaScript
2025-07-04 15:59:36,312 - webiss_automation - INFO - URL após login: https://palmasto.webiss.com.br/inicio
2025-07-04 15:59:36,318 - webiss_automation - INFO - Título após login: Início | WebISS®
2025-07-04 15:59:36,336 - webiss_automation - INFO - Login realizado com sucesso
2025-07-04 16:00:01,134 - webiss_automation - INFO - Menu ISSQN clicado
2025-07-04 16:00:02,262 - webiss_automation - INFO - Menu NFS-e clicado
2025-07-04 16:00:09,622 - webiss_automation - INFO - Menu Criar clicado - pronto para preencher a nota
2025-07-04 16:00:09,646 - webiss_automation - INFO - Botão Próximo encontrado: //a[@id='btnProximo']
2025-07-04 16:00:10,694 - webiss_automation - INFO - Botão Próximo clicado - avançando para Tomador
2025-07-04 16:00:10,733 - webiss_automation - INFO - === PREENCHENDO FORMULÁRIO TOMADOR ===
2025-07-04 16:00:10,733 - webiss_automation - INFO - Dados recebidos: {'cpf_cnpj': '71075224187', 'nome_cliente': 'THIAGO CARMO OLIVEIRA', 'endereco': '402 SUL, RUA NS B, CONJUNTO 02 LT 07/08, , PALMAS/ - 77021624', 'valor': 1049.1, 'vencimento': '10/07/2025', 'descricao': 'MENSALIDADE: 701490 - ANNA LUIZA KZAN CARMO OLIVEIRA - TURMA: G1MA', 'turma': 'G1MA', 'cep': '77021-624'}
2025-07-04 16:00:11,001 - webiss_automation - INFO - ✅ Campo cpf_cnpj preenchido: 71075224187 (usando: //input[@placeholder='Número do documento do tomador'])
2025-07-04 16:00:11,217 - webiss_automation - INFO - ✅ Campo nome_cliente preenchido: THIAGO CARMO OLIVEIRA (usando: //input[@placeholder='Razão social do tomador'])
2025-07-04 16:00:11,217 - webiss_automation - INFO - CEP recebido nos dados: '77021-624'
2025-07-04 16:00:11,217 - webiss_automation - INFO - ✅ CEP já disponível nos dados: 77021-624
2025-07-04 16:00:11,217 - webiss_automation - INFO - 🔍 Verificando campo Inscrição Municipal...
2025-07-04 16:00:11,232 - webiss_automation - INFO - 🔄 Campo Inscrição Municipal é um select normal - tentando selecionar opção correta...
2025-07-04 16:00:11,232 - webiss_automation - INFO - 🎯 Tentando encontrar inscrição municipal para CEP: 77021-624
2025-07-04 16:00:13,244 - webiss_automation - WARNING - ⚠️ Select está desabilitado, tentando habilitar...
2025-07-04 16:00:14,259 - webiss_automation - INFO - 📋 Encontradas 1 opções de inscrição municipal
2025-07-04 16:00:14,274 - webiss_automation - INFO -   Opção 0: valor='-1', texto=''
2025-07-04 16:00:14,274 - webiss_automation - WARNING - ⚠️ Nenhuma opção válida encontrada no select
2025-07-04 16:00:14,274 - webiss_automation - INFO - 🔄 Aguardando carregamento das opções...
2025-07-04 16:00:17,283 - webiss_automation - INFO - 📋 Após aguardar: 1 opções encontradas
2025-07-04 16:00:17,284 - webiss_automation - WARNING - ⚠️ Ainda não há opções válidas, tentando forçar carregamento...
2025-07-04 16:00:19,298 - webiss_automation - INFO - 📋 Após clicar: 1 opções encontradas
2025-07-04 16:00:19,299 - webiss_automation - ERROR - ❌ Não foi possível carregar opções do select
2025-07-04 16:00:19,299 - webiss_automation - WARNING - ⚠️ Não foi possível encontrar inscrição municipal pelo CEP
2025-07-04 16:00:19,299 - webiss_automation - INFO - ℹ️ Pulando aguardo do município para otimização
2025-07-04 16:00:19,299 - webiss_automation - INFO - ✅ Formulário do tomador preenchido com sucesso!
2025-07-04 16:00:19,303 - webiss_automation - INFO - === TENTANDO CLICAR EM PRÓXIMO ===
2025-07-04 16:00:19,804 - webiss_automation - INFO - Tentando XPath: //a[@id='btnProximo']
2025-07-04 16:00:19,825 - webiss_automation - INFO - ✅ Botão Próximo encontrado: //a[@id='btnProximo']
2025-07-04 16:00:20,826 - webiss_automation - INFO - Aguardando botão Próximo (sem scroll)
2025-07-04 16:00:20,843 - webiss_automation - INFO - Clicando no botão Próximo via JavaScript...
2025-07-04 16:00:21,129 - webiss_automation - INFO - ✅ Botão Próximo clicado via JavaScript!
2025-07-04 16:00:26,192 - urllib3.connectionpool - WARNING - Connection pool is full, discarding connection: localhost. Connection pool size: 1
2025-07-04 16:00:26,193 - urllib3.connectionpool - WARNING - Retrying (Retry(total=2, connect=None, read=None, redirect=None, status=None)) after connection broken by 'NewConnectionError('<urllib3.connection.HTTPConnection object at 0x0000029690248690>: Failed to establish a new connection: [WinError 10061] Nenhuma conexão pôde ser feita porque a máquina de destino as recusou ativamente')': /session/674555f240eb840ea256085dae72d81b/element
2025-07-04 16:00:28,182 - __main__ - INFO - Aplicação finalizada
