2025-07-04 16:00:37,117 - utils.license_checker - INFO - Licença válida para ColegioObjetivo - 58 dias restantes
2025-07-04 16:00:37,199 - config.settings - INFO - Configurações carregadas de: C:\Users\yudim\OneDrive\Documentos\projetos-hatcorp\emite-nota\dist\.env
2025-07-04 16:00:56,145 - webiss_automation - INFO - Configurando driver com URL: https://palmasto.webiss.com.br
2025-07-04 16:00:56,146 - WDM - INFO - ====== WebDriver manager ======
2025-07-04 16:00:56,913 - WDM - INFO - Get LATEST chromedriver version for google-chrome
2025-07-04 16:00:57,407 - WDM - INFO - Get LATEST chromedriver version for google-chrome
2025-07-04 16:00:57,924 - WDM - INFO - Driver [C:\Users\yudim\.wdm\drivers\chromedriver\win64\137.0.7151.119\chromedriver-win32/THIRD_PARTY_NOTICES.chromedriver] found in cache
2025-07-04 16:00:57,925 - webiss_automation - WARNING - Erro com ChromeDriverManager: [WinError 193] %1 não é um aplicativo Win32 válido
2025-07-04 16:00:59,366 - webiss_automation - INFO - Driver do Chrome configurado com sucesso
2025-07-04 16:00:59,366 - webiss_automation - INFO - Navegando para: https://palmasto.webiss.com.br
2025-07-04 16:01:03,604 - webiss_automation - INFO - URL atual: https://palmasto.webiss.com.br/
2025-07-04 16:01:03,609 - webiss_automation - INFO - Título da página: Autenticação | WebISS®
2025-07-04 16:01:03,622 - webiss_automation - INFO - Campo de usuário encontrado: xpath=//input[@type='text']
2025-07-04 16:01:03,635 - webiss_automation - INFO - Usuário preenchido via JavaScript
2025-07-04 16:01:03,646 - webiss_automation - INFO - Campo de senha encontrado: xpath=//input[@type='password']
2025-07-04 16:01:03,658 - webiss_automation - INFO - Senha preenchida via JavaScript
2025-07-04 16:01:03,669 - webiss_automation - INFO - Botão de login encontrado: xpath=//button[@type='submit']
2025-07-04 16:01:05,556 - webiss_automation - INFO - Botão de login clicado via JavaScript
2025-07-04 16:01:06,061 - webiss_automation - INFO - URL após login: https://palmasto.webiss.com.br/inicio
2025-07-04 16:01:06,067 - webiss_automation - INFO - Título após login: Início | WebISS®
2025-07-04 16:01:06,085 - webiss_automation - INFO - Login realizado com sucesso
2025-07-04 16:01:11,219 - webiss_automation - INFO - Menu ISSQN clicado
2025-07-04 16:01:12,279 - webiss_automation - INFO - Menu NFS-e clicado
2025-07-04 16:01:15,799 - webiss_automation - INFO - Menu Criar clicado - pronto para preencher a nota
2025-07-04 16:01:15,822 - webiss_automation - INFO - Botão Próximo encontrado: //a[@id='btnProximo']
2025-07-04 16:01:16,904 - webiss_automation - INFO - Botão Próximo clicado - avançando para Tomador
2025-07-04 16:01:16,982 - webiss_automation - INFO - === PREENCHENDO FORMULÁRIO TOMADOR ===
2025-07-04 16:01:16,982 - webiss_automation - INFO - Dados recebidos: {'cpf_cnpj': '71075224187', 'nome_cliente': 'THIAGO CARMO OLIVEIRA', 'endereco': '402 SUL, RUA NS B, CONJUNTO 02 LT 07/08, , PALMAS/ - 77021624', 'valor': 1049.1, 'vencimento': '10/07/2025', 'descricao': 'MENSALIDADE: 701490 - ANNA LUIZA KZAN CARMO OLIVEIRA - TURMA: G1MA', 'turma': 'G1MA', 'cep': '77021-624'}
2025-07-04 16:01:17,203 - webiss_automation - INFO - ✅ Campo cpf_cnpj preenchido: 71075224187 (usando: //input[@placeholder='Número do documento do tomador'])
2025-07-04 16:01:17,461 - webiss_automation - INFO - ✅ Campo nome_cliente preenchido: THIAGO CARMO OLIVEIRA (usando: //input[@placeholder='Razão social do tomador'])
2025-07-04 16:01:17,461 - webiss_automation - INFO - CEP recebido nos dados: '77021-624'
2025-07-04 16:01:17,461 - webiss_automation - INFO - ✅ CEP já disponível nos dados: 77021-624
2025-07-04 16:01:17,461 - webiss_automation - INFO - 🔍 Verificando campo Inscrição Municipal...
2025-07-04 16:01:17,487 - webiss_automation - INFO - 🔄 Campo Inscrição Municipal é um select normal - tentando selecionar opção correta...
2025-07-04 16:01:17,487 - webiss_automation - INFO - 🎯 Tentando encontrar inscrição municipal para CEP: 77021-624
2025-07-04 16:01:19,595 - urllib3.connectionpool - WARNING - Connection pool is full, discarding connection: localhost. Connection pool size: 1
2025-07-04 16:01:19,595 - webiss_automation - ERROR - ❌ Erro ao tentar selecionar inscrição por CEP: ('Connection aborted.', RemoteDisconnected('Remote end closed connection without response'))
2025-07-04 16:01:19,596 - webiss_automation - WARNING - ⚠️ Não foi possível encontrar inscrição municipal pelo CEP
2025-07-04 16:01:19,596 - webiss_automation - INFO - ℹ️ Pulando aguardo do município para otimização
2025-07-04 16:01:19,596 - webiss_automation - INFO - ✅ Formulário do tomador preenchido com sucesso!
